[2021.04.20  22:26:41]: truffle run verify Mock_USDT@0xF624aB0FF3F094b4DF2082A341ECD7Aeca08caAC --network rinkeby
[2021.04.20  22:27:12]: truffle run verify Mock_WETH_token@0x89D9b52C2D5b29DDa93B8D222C58561d81A8296F --network rinkeby
[2021.04.20  22:27:28]: truffle run verify MockPairOracle@0x36a803Da1FF235Ce2AD692070Be73d2f2EFaBd08 --network rinkeby
[2021.04.20  22:27:42]: truffle run verify MockPairOracle@0x62dA7A28C5Ff8592491e44E699Cc0635C56BC859 --network rinkeby
[2021.04.20  22:27:57]: truffle run verify MockChainlinkAggregator@0xA390F2C67BDE2672D868CAb37Ff3dAE0a0D333Fa --network rinkeby
[2021.04.20  22:28:12]: truffle run verify MockChainlinkAggregator@0xB3D826551C214f8b5700834e87E984cD1311de48 --network rinkeby
[2021.04.20  22:28:27]: truffle run verify USDTOracle@0x925DaC24E5FD217136F474F5BbC611ed1f0849bA --network rinkeby
[2021.04.20  22:32:25]: truffle run verify AGOUSD@0xA1055a430a9b5787378B7F7eE8210A49024979e3 --network rinkeby
[2021.04.20  22:32:25]: truffle run verify TreasuryAGOUSD@0xd37cdE0FCeAC39e5e969dEE93643E6b74aC1db71 --network rinkeby
[2021.04.20  22:32:25]: truffle run verify CNUSD@0x89Ec620625dfBf86e28E2618054276b49A886168 --network rinkeby
[2021.04.20  22:32:25]: truffle run verify PoolAGOUSD@0xbB090E0f10EA7beC11C8D15C369120Eb5A7b15Fc --network rinkeby
[2021.04.20  22:36:10]: truffle run verify TreasuryAGOBTC@0x8C09D31817e68c7CdaF0d2227b021158a6dDDe4A --network rinkeby
[2021.04.20  22:36:10]: truffle run verify AGOBTC@0x1C0ED36599d8804e8Ca0f358D28206103A707663 --network rinkeby
[2021.04.20  22:36:10]: truffle run verify CNBTC@0x0c7e62181C3B6f9Ac7B75c6e303d56514BeC285e --network rinkeby
[2021.04.20  22:36:10]: truffle run verify PoolAGOBTC@0x993058793434f8d7Ba55B94eb4B06ffC8Bbdaa36 --network rinkeby
[2021.04.21  15:57:37]: start
[2021.04.22  04:22:24]: start
[2021.04.22  04:27:26]: start
[2021.04.22  04:28:10]: start
[2021.04.22  04:28:36]: start
[2021.04.22  04:29:05]: start
[2021.04.22  04:30:38]: start
[2021.04.22  04:31:50]: start
[2021.04.22  04:32:47]: start
[2021.04.22  04:36:20]: start
[2021.04.22  04:36:25]: truffle run verify USDTOracle@0x2fC561e50357e5721365536ab490Cd3FF02B0D37 --network rinkeby
[2021.04.22  04:36:25]: truffle run verify MockChainlinkAggregator@0xA2537D7B9b495826e28F39F696AC6370051bA428 --network rinkeby
[2021.04.22  04:36:25]: truffle run verify MockPairOracle@0x1098de28221d4a1a1251D7Ca78DcA38f7CF1e866 --network rinkeby
[2021.04.22  04:36:25]: truffle run verify Mock_USDT@0x2270AD86A87DF5367aA583C3435956c138a37752 --network rinkeby
[2021.04.22  04:36:25]: truffle run verify Mock_WETH_instance@0xbB6757d749813d475D3d31517068086D5edc1300 --network rinkeby
[2021.04.22  04:36:25]: truffle run verify MockChainlinkAggregator@0xCeD426A98E7A495EdA133944a20A5eA17ff0aB35 --network rinkeby
[2021.04.22  04:36:25]: truffle run verify MockPairOracle@0x5c8799d60d99791f12989a92e6d71e3fde3Db509 --network rinkeby
[2021.04.22  04:36:29]: truffle run verify AGOUSD@0xe40f4157861798E32EFe7eC8C6b2d612e50b6eCB --network rinkeby
[2021.04.22  04:36:29]: truffle run verify TreasuryAGOUSD@0x9Addea26697614b0c1B846830Eb318fD02275064 --network rinkeby
[2021.04.22  04:36:29]: truffle run verify PoolAGOUSD@0x000920600819e75Eef0AE0925B93dADEFc52DA0D --network rinkeby
[2021.04.22  04:36:29]: truffle run verify CNUSD@0x752EfE33690D430a3238e6447dEbbFB5B90e643B --network rinkeby
[2021.04.22  04:36:33]: truffle run verify TreasuryAGOBTC@0xA1EF3A5Da24a32eFF8949333B72958E48C78b246 --network rinkeby
[2021.04.22  04:36:33]: truffle run verify CNBTC@0xab9D8ABf65Ccf3CDD8d539B16E8A1b9599bc269b --network rinkeby
[2021.04.22  04:36:33]: truffle run verify PoolAGOBTC@0x158001D0c34DE2Df6C1567c4DfaE8a3eaFA64f11 --network rinkeby
[2021.04.22  04:36:33]: truffle run verify AGOBTC@0x4cFa09d3e1ccF85Ef43479A851a23b59e938D0EB --network rinkeby
[2021.04.22  04:37:37]: start
[2021.04.22  04:37:42]: truffle run verify MockChainlinkAggregator@0xed86aeEA284Ca79627811A242DCa2e69Edc5726D --network rinkeby
[2021.04.22  04:37:42]: truffle run verify USDTOracle@0xEB1797623B01473E8e63A9b80b86C0a5570f0EB8 --network rinkeby
[2021.04.22  04:37:42]: truffle run verify MockChainlinkAggregator@0x1F868FaBce1C4a8846c531eeC2A12f904c04B553 --network rinkeby
[2021.04.22  04:37:42]: truffle run verify Mock_WETH_instance@0x2531EEc5449E022cC10483A1EDA5a33EdA4D6771 --network rinkeby
[2021.04.22  04:37:42]: truffle run verify Mock_USDT@0x23f7F3DF8F1d47fE41B5b50066Ad50e2f2c2848E --network rinkeby
[2021.04.22  04:37:42]: truffle run verify MockPairOracle@0x993235cbd081812e9A0805bf1A8B479bA51C9113 --network rinkeby
[2021.04.22  04:37:42]: truffle run verify MockPairOracle@0x10Cc96d8769E308C0561Fc1CAEBec8CB8733A53C --network rinkeby
[2021.04.22  04:37:46]: truffle run verify TreasuryAGOUSD@0xFfD58f5E218FC9c5309f906F2d11bB2B0602fC8E --network rinkeby
[2021.04.22  04:37:46]: truffle run verify CNUSD@0xf59075F21639f839C5A8f26845B0B66cBf1d4c0D --network rinkeby
[2021.04.22  04:37:46]: truffle run verify AGOUSD@0xFeBbf28f360983EEf1A093Cd70D02407e95048D3 --network rinkeby
[2021.04.22  04:37:46]: truffle run verify PoolAGOUSD@0x51DA7259c8288656cB3112AB40B21a233BeC3DC3 --network rinkeby
[2021.04.22  04:37:50]: truffle run verify TreasuryAGOBTC@0xA2679F22F7f35e2B54F0900fCedD3f5C03CCEe07 --network rinkeby
[2021.04.22  04:37:50]: truffle run verify AGOBTC@0x1316DF4EF5c27BE2672c717b11791E5b4172afe7 --network rinkeby
[2021.04.22  04:37:50]: truffle run verify CNBTC@0x87024b71A4403c9cb4f584Ca20A5c7Ea22F5127a --network rinkeby
[2021.04.22  04:37:50]: truffle run verify PoolAGOBTC@0xD558BDe9a86ADF6b48E8594c74901F548A8638aa --network rinkeby
[2021.04.22  04:40:23]: start
[2021.04.22  04:44:40]: start
[2021.04.22  04:44:46]: truffle run verify USDTOracle@0x20773aA68a3dB671430f027e7C141eD1762AF2a8 --network rinkeby
[2021.04.22  04:44:46]: truffle run verify MockChainlinkAggregator@0xdEe8FAAb7B1f3F01c5775807F4BED2461f8B7CF4 --network rinkeby
[2021.04.22  04:44:46]: truffle run verify MockChainlinkAggregator@0x6a0a0a1A0e90007F4D7d258A5c2BC540A65b5B88 --network rinkeby
[2021.04.22  04:44:46]: truffle run verify Mock_USDT@0x9A88413f6925788b469C2aaa42676957e7D204DB --network rinkeby
[2021.04.22  04:44:46]: truffle run verify MockPairOracle@0xc72c637FE92dd86d13dAea61F42a5FCB5674f224 --network rinkeby
[2021.04.22  04:44:46]: truffle run verify Mock_WETH_instance@0x61069eEc47084E9C7EB3818511836F0F20069Baa --network rinkeby
[2021.04.22  04:44:46]: truffle run verify MockPairOracle@0x247EBD2290f7d4E074a8E939F32FD8dF781F86DB --network rinkeby
[2021.04.22  04:44:50]: truffle run verify TreasuryAGOUSD@0x1Ac6e381C9848dBB32fdE32C8287EDeB9B3eA127 --network rinkeby
[2021.04.22  04:44:50]: truffle run verify AGOUSD@0xFbe7ab9e2155301d787C5f1FaeAa33988F251237 --network rinkeby
[2021.04.22  04:44:50]: truffle run verify CNUSD@0x4A0Fc8c7D85cbD40F7062A7DbcE4708CC4125181 --network rinkeby
[2021.04.22  04:44:50]: truffle run verify PoolAGOUSD@0x91C32C6E98758dae4F62e5B162Fd55208E4E54ea --network rinkeby
[2021.04.22  04:44:54]: truffle run verify PoolAGOBTC@0x92e2858B7B14B8302cfbd1c04A997E06C62DC5ea --network rinkeby
[2021.04.22  04:44:54]: truffle run verify CNBTC@0x480cBDcFB62AFa945F9dA9Ae3eAA6F242C8026ab --network rinkeby
[2021.04.22  04:44:54]: truffle run verify AGOBTC@0xebED7B756f66a45dE772eE7C0cDA1F2F5447D758 --network rinkeby
[2021.04.22  04:44:54]: truffle run verify TreasuryAGOBTC@0xD4A911D3FCE0F2a1eb57507006723A33068cbC86 --network rinkeby
[2021.04.22  04:48:11]: start
[2021.04.22  04:48:15]: truffle run verify USDTOracle@0x5390821D2b1eE91B79a23a08b41d02E22097444E --network rinkeby
[2021.04.22  04:48:15]: truffle run verify MockChainlinkAggregator@0x5AF754Cdaa6c1F929e9bb55B1e4cB80fD2C41210 --network rinkeby
[2021.04.22  04:48:15]: truffle run verify MockChainlinkAggregator@0x9f47a360B8293AA9b74dB0dF052ead9e3D53a720 --network rinkeby
[2021.04.22  04:48:15]: truffle run verify MockPairOracle@0x1ceE1EFed6d4D0AdF7eb5647F03aa278B3ca0e87 --network rinkeby
[2021.04.22  04:48:15]: truffle run verify Mock_USDT@0x6DEF10BB7721aa7319D861Ebf46E295e85E3082B --network rinkeby
[2021.04.22  04:48:15]: truffle run verify MockPairOracle@0x29e99fC732B30aCaeA9289De2bfE56117521E036 --network rinkeby
[2021.04.22  04:48:15]: truffle run verify Mock_WETH_instance@0x3333C195aFE5e198C3b809a54B2cd5df4e55BeA0 --network rinkeby
[2021.04.22  04:48:19]: truffle run verify TreasuryAGOUSD@0x863007E7AF70B31382e9A9DCC143207512963660 --network rinkeby
[2021.04.22  04:48:19]: truffle run verify AGOUSD@0x6ec2014d8500bb3c837B58cF8a166AB189465644 --network rinkeby
[2021.04.22  04:48:19]: truffle run verify CNUSD@0x16Aa4100B4bB7380A5F131229Dce1EcCb54877E0 --network rinkeby
[2021.04.22  04:48:19]: truffle run verify PoolAGOUSD@0xf1c46f7afe11adfa18332dF6F19c038FE32220d6 --network rinkeby
[2021.04.22  04:48:23]: truffle run verify TreasuryAGOBTC@0xb8785C21dd1BCa085d761e3092A691924aeb510a --network rinkeby
[2021.04.22  04:48:23]: truffle run verify AGOBTC@0xD07016F364daE63b129214e545C7Fcc73A8dA91b --network rinkeby
[2021.04.22  04:48:23]: truffle run verify CNBTC@0xd93C6FD416783505C07A734D03d9990c298Bd112 --network rinkeby
[2021.04.22  04:48:23]: truffle run verify PoolAGOBTC@0x9A8e488D2642022dE2E4Ff7E36b9375Ad2ead915 --network rinkeby
[2021.04.22  04:49:27]: start
[2021.04.22  04:49:31]: truffle run verify USDTOracle@0xE1ECE07527cbb92C4583A4a613CE87657E68b82b --network rinkeby
[2021.04.22  04:49:31]: truffle run verify MockChainlinkAggregator@0x48E65eB0441342B5e0e891F01bbE7DE08ad1D3a3 --network rinkeby
[2021.04.22  04:49:31]: truffle run verify MockChainlinkAggregator@0x47439415b88494B66C18B805dc017a2Bfaf9e755 --network rinkeby
[2021.04.22  04:49:31]: truffle run verify MockPairOracle@0x33F80B57D5663211D910D24a03b9b55644Ce2ed8 --network rinkeby
[2021.04.22  04:49:31]: truffle run verify Mock_WETH_instance@0x30bE700e377Cf9427EAF2e245803d40e263D4538 --network rinkeby
[2021.04.22  04:49:31]: truffle run verify Mock_USDT@0x0Ebf9AeBEE9cDb41A0dED6268BC3A30B5F62c4D1 --network rinkeby
[2021.04.22  04:49:31]: truffle run verify MockPairOracle@0xe7149F7abFD818FC5ab30397fD8Bd4178322C878 --network rinkeby
[2021.04.22  04:49:35]: truffle run verify TreasuryAGOUSD@0xf176d0f9761ee29C08073e02E5C57c55A2bA0136 --network rinkeby
[2021.04.22  04:49:35]: truffle run verify AGOUSD@0x8f03Fcc5B2cFe20A41c111D16B28bfC5710C9e8C --network rinkeby
[2021.04.22  04:49:35]: truffle run verify CNUSD@0x55dda1d72816EE7EBb5026691625dd566FbDDFB0 --network rinkeby
[2021.04.22  04:49:35]: truffle run verify PoolAGOUSD@0xCcC87b738A027d0347089d846F03B637Bac248c8 --network rinkeby
[2021.04.22  04:49:39]: truffle run verify CNBTC@0xbD8723Bbf854A2978Fd288DBc1488A99fF15E630 --network rinkeby
[2021.04.22  04:49:39]: truffle run verify TreasuryAGOBTC@0xBa66b09533f956f6839009fD5FA1A6575941746C --network rinkeby
[2021.04.22  04:49:39]: truffle run verify AGOBTC@0xAE29e75AA88DBF1C8604153c854B83fEA80A0eb6 --network rinkeby
[2021.04.22  04:49:39]: truffle run verify PoolAGOBTC@0xBDB498e614256000607a8FD3a81eac2C54947082 --network rinkeby
[2021.04.22  04:50:03]: start
[2021.04.22  04:51:16]: start
[2021.04.22  04:51:20]: truffle run verify USDTOracle@0xad4d890155237a973197418B711b0CfE557AC538 --network rinkeby
[2021.04.22  04:51:20]: truffle run verify MockChainlinkAggregator@0xfAf51329b606aeB1B0d45c20702eb42f13B4DB73 --network rinkeby
[2021.04.22  04:51:20]: truffle run verify MockPairOracle@0x029A818390C63F9be512549465835FFd5B89B5a0 --network rinkeby
[2021.04.22  04:51:20]: truffle run verify Mock_USDT@0x8Ef7Ca05Ac0f4a444B45dCC1220367e69E5bda35 --network rinkeby
[2021.04.22  04:51:20]: truffle run verify Mock_WETH_instance@0x842Df6550eEFe716006BD44B6814D322718F6a18 --network rinkeby
[2021.04.22  04:51:20]: truffle run verify MockChainlinkAggregator@0xfAC7f1481a7A2407373f73C05fe6301AB67a7C49 --network rinkeby
[2021.04.22  04:51:20]: truffle run verify MockPairOracle@0x4e30A3c9668BF1cC82F11ec2637B7D133Fb5ddd7 --network rinkeby
[2021.04.22  04:51:24]: truffle run verify AGOUSD@0xdA17693D3Eb10d73D6ECCA16C02F188655E84d8C --network rinkeby
[2021.04.22  04:51:24]: truffle run verify TreasuryAGOUSD@0x3E06513C5eDF6442429BcbE5f9ec7D881454AaDC --network rinkeby
[2021.04.22  04:51:24]: truffle run verify PoolAGOUSD@0xF2980910Fc220be1B3105774739C77c48c68B868 --network rinkeby
[2021.04.22  04:51:24]: truffle run verify CNUSD@0xd9135018198c91957255b141EC93Aa92b37a4f8F --network rinkeby
[2021.04.22  04:51:28]: truffle run verify TreasuryAGOBTC@0x211aDF1Cfd205f5029fa4b74Ce32be6bACb450A0 --network rinkeby
[2021.04.22  04:51:28]: truffle run verify AGOBTC@0x170C0Ece05D05Fa1480EC0454B181A92ca698b26 --network rinkeby
[2021.04.22  04:51:28]: truffle run verify PoolAGOBTC@0x527d6c53AA6c00159611d48eb5A94fB38d95D159 --network rinkeby
[2021.04.22  04:51:28]: truffle run verify CNBTC@0x13Fc8dd840cBEAb1184fb72c2d014e253a2674EF --network rinkeby
[2021.04.22  04:52:02]: start
[2021.04.22  04:52:06]: truffle run verify USDTOracle@0x20F6E0F568B48d6DBe92ace286bdBBB2616BEAa2 --network rinkeby
[2021.04.22  04:52:06]: truffle run verify MockChainlinkAggregator@0xc68Fc95FDe10e9cA2BC066732262E6cd371356c5 --network rinkeby
[2021.04.22  04:52:06]: truffle run verify MockPairOracle@0x3a802bb77D9ab3545C4374F465500200Bf3DeB22 --network rinkeby
[2021.04.22  04:52:06]: truffle run verify MockPairOracle@0xfEbD05E25244C81fe9aF085b81740F3AaD075842 --network rinkeby
[2021.04.22  04:52:06]: truffle run verify Mock_USDT@0x3A05C4c66B02961feA9cd3BF83Ac4b7596A213f4 --network rinkeby
[2021.04.22  04:52:06]: truffle run verify Mock_WETH_instance@0xe70D6395E74fb97dda2632e8D6CaC61DC5563fe1 --network rinkeby
[2021.04.22  04:52:06]: truffle run verify MockChainlinkAggregator@0x4504e8659582674a3bF97312432C9b9615744608 --network rinkeby
[2021.04.22  04:52:10]: truffle run verify TreasuryAGOUSD@0xD8A4EFB377E0B65c1566982CE2481E16DF135e6D --network rinkeby
[2021.04.22  04:52:10]: truffle run verify CNUSD@0x1E717B8B1a73e07B99b6ba4Cd8D176F688240f94 --network rinkeby
[2021.04.22  04:52:10]: truffle run verify PoolAGOUSD@0x1Bd65a6c939d76ABED2721827Fdcc73BA8EC1346 --network rinkeby
[2021.04.22  04:52:10]: truffle run verify AGOUSD@0xd10FC12142249b8941c515E7f1f572A0c838cf1a --network rinkeby
[2021.04.22  04:52:14]: truffle run verify AGOBTC@0x4Bdd58e1D5C67308CDCEdeC597d96345A50a73d5 --network rinkeby
[2021.04.22  04:52:14]: truffle run verify TreasuryAGOBTC@0x278e943940af8bFe190552ea11C8eBDE798F8741 --network rinkeby
[2021.04.22  04:52:14]: truffle run verify CNBTC@0x854511Bdf61E0791CeE9ab574F39dEF10c432951 --network rinkeby
[2021.04.22  04:52:14]: truffle run verify PoolAGOBTC@0x63f4F902569D386E260EEB678EDeC3f573eE369a --network rinkeby
[2021.04.22  04:52:59]: start
[2021.04.22  04:53:03]: truffle run verify USDTOracle@0xbA4F823d8022D1639D3c9d36A0091CDcD8db8Cf6 --network rinkeby
[2021.04.22  04:53:03]: truffle run verify MockChainlinkAggregator@0x43eF3D6F7D34aa1a0D628F1d9B94C50C014E1b87 --network rinkeby
[2021.04.22  04:53:03]: truffle run verify MockChainlinkAggregator@0xD0f83A67fED5B6f1f46F0d6c205A4E9CA465f52C --network rinkeby
[2021.04.22  04:53:03]: truffle run verify MockPairOracle@0xd10A2069969Df09509A1fefC05CFA60E4cf7dAD8 --network rinkeby
[2021.04.22  04:53:03]: truffle run verify MockPairOracle@0x988Bd0c2a8D2c30417e4CbD04bAD311aFcD373b5 --network rinkeby
[2021.04.22  04:53:03]: truffle run verify Mock_WETH_instance@0x6652C63d6F33c8a692702CaEE3b57e0e2536c16f --network rinkeby
[2021.04.22  04:53:03]: truffle run verify Mock_USDT@0xCb697E3A6257f5772A531bAb96E4aF8CDFA3A1B2 --network rinkeby
[2021.04.22  04:53:07]: truffle run verify TreasuryAGOUSD@0xE929FE907094Ed1d72bE091CADfc830d4809f2E3 --network rinkeby
[2021.04.22  04:53:07]: truffle run verify AGOUSD@0x39DC91EC20Ff380068899C73bbc61C0F0741C0f8 --network rinkeby
[2021.04.22  04:53:07]: truffle run verify CNUSD@0x4BE0EBdb0fc0b676620F67FB5Cd26191D5990E69 --network rinkeby
[2021.04.22  04:53:07]: truffle run verify PoolAGOUSD@0x039b8686109cD8803AeF23685Be16dbDF4ab128a --network rinkeby
[2021.04.22  04:53:11]: truffle run verify AGOBTC@0xfbAB33B85c60463099868AcA92A3Db3e23385083 --network rinkeby
[2021.04.22  04:53:11]: truffle run verify TreasuryAGOBTC@0xEBAb3a49Fd57E8097ab4AeD0fF07b80D495Ae49d --network rinkeby
[2021.04.22  04:53:11]: truffle run verify PoolAGOBTC@0xA9d8953A7bBf4C485ee622b65782d99E48CCf52C --network rinkeby
[2021.04.22  04:53:11]: truffle run verify CNBTC@0x734312034d8a5DA58A60773FC0E58c602Cb12eFd --network rinkeby
